3077671
2269072
3201437
617741
239713
968772
3534356
970539
2288003
2172013
3396308
3095190
3546937
314393
219632
3200696
2565026
767413
697589
1417016
1426475
2260922
1153443
2242107
3789600
3157521
3577407
984750
2945520
213413
2183254
722336
2439427
1078455
1334561
2935631
3608795
1739320
1986046
1900546
3336695
3369789
2674129
581501
337341
544578
883125
2238619
1460920
833638
19134
740378
1003008
3199272
820548
2973019
1152226
2220225
3515695
1873257
168348
1845521
3633589
167311
2426983
2719150
2189884
97267
792429
141518
131819
2057671
1004394
3439858
3269585
819332
2349279
841883
3551406
400303
2996372
43836
412928
1140670
1136374
1538677
292186
3147347
1414322
3295260
1402173
605592
2901330
586493
2527477
798695
1006807
3060493
3165504
1631789
