Case #1:
www.tasting.com
Case #2:
www.condemning.com
www.byzantine.com
Case #3:
www.solutions.com
Case #4:
www.fermentation.com
Case #5:
www.inflection.com
www.apothecary.com
Case #6:
www.piping.com
Case #7:
www.disreputable.com
Case #8:
www.diving.com
Case #9:
www.keenness.com
Case #10:
www.huntsman.com
Case #11:
www.welcoming.com
Case #12:
www.irregularity.com
Case #13:
www.evergreen.com
www.convulsion.com
Case #14:
www.debris.com
www.callous.com
Case #15:
www.beguile.com
www.qualify.com
www.wrench.com
Case #16:
www.prometheus.com
www.talkative.com
www.bespoke.com
www.scabbard.com
Case #17:
www.dissolving.com
www.capabilities.com
Case #18:
www.rhythmic.com
Case #19:
www.porridge.com
Case #20:
www.analyze.com
Case #21:
www.prehistoric.com
Case #22:
www.tenets.com
Case #23:
www.irreparable.com
www.inimitable.com
Case #24:
www.utrecht.com
Case #25:
www.cleansing.com
Case #26:
www.quicken.com
Case #27:
www.tinker.com
Case #28:
www.variegated.com
Case #29:
www.winner.com
Case #30:
www.cavalcade.com
www.concord.com
Case #31:
www.sensibilities.com
Case #32:
www.suburban.com
www.bulwark.com
Case #33:
www.governmental.com
www.vibrating.com
www.obeisance.com
Case #34:
www.harmful.com
Case #35:
www.inflection.com
www.sector.com
Case #36:
www.intellectually.com
Case #37:
www.invoke.com
Case #38:
www.antecedent.com
www.complement.com
Case #39:
www.vexatious.com
Case #40:
www.concord.com
Case #41:
www.fleshy.com
Case #42:
www.welcoming.com
Case #43:
www.barrister.com
Case #44:
www.tanned.com
Case #45:
www.mediation.com
www.constituent.com
Case #46:
www.decorous.com
Case #47:
www.conciliatory.com
Case #48:
www.emmanuel.com
www.scurvy.com
Case #49:
www.elliott.com
Case #50:
www.inmate.com
Case #51:
www.usurper.com
Case #52:
www.impotence.com
Case #53:
www.scholarly.com
Case #54:
www.skirted.com
www.subservient.com
Case #55:
www.medley.com
Case #56:
www.prevention.com
www.gangway.com
Case #57:
www.quicken.com
Case #58:
www.annuity.com
Case #59:
www.canvass.com
www.crumbled.com
www.nottingham.com
Case #60:
www.inoffensive.com
Case #61:
www.tribulation.com
Case #62:
www.clipped.com
www.nether.com
Case #63:
www.nottingham.com
Case #64:
www.piping.com
www.bradford.com
www.antelope.com
Case #65:
www.agreements.com
Case #66:
www.darken.com
Case #67:
www.aristocrat.com
Case #68:
www.perpetuate.com
Case #69:
www.prolific.com
www.uncontrollable.com
Case #70:
www.misunderstand.com
www.keenness.com
Case #71:
www.crumbled.com
www.disappointing.com
Case #72:
www.dauntless.com
Case #73:
www.lombardy.com
www.amazingly.com
Case #74:
www.predict.com
Case #75:
www.hermes.com
Case #76:
www.usurpation.com
Case #77:
www.judaism.com
www.skirted.com
www.amicable.com
Case #78:
www.sufficiency.com
www.terrier.com
Case #79:
www.usurpation.com
www.inducing.com
Case #80:
www.purification.com
www.scurvy.com
Case #81:
www.ostensibly.com
Case #82:
www.dishonesty.com
Case #83:
www.vernacular.com
Case #84:
www.aristocrat.com
www.unconcerned.com
Case #85:
www.diffidence.com
Case #86:
www.bewitching.com
Case #87:
www.immunity.com
Case #88:
www.induction.com
Case #89:
www.revolve.com
Case #90:
www.mammals.com
Case #91:
www.disappointing.com
Case #92:
www.skirted.com
Case #93:
www.mislead.com
Case #94:
www.evergreen.com
Case #95:
www.unconcerned.com
Case #96:
www.rhythmic.com
Case #97:
www.taketh.com
www.suburban.com
Case #98:
www.spurious.com
Case #99:
www.nottingham.com
Case #100:
www.mislead.com
www.intervene.com
Case #101:
www.mantel.com
www.ravenna.com
Case #102:
www.multiplication.com
Case #103:
www.recipient.com
www.dexterous.com
Case #104:
www.armament.com
www.capabilities.com
www.solutions.com
Case #105:
www.distilled.com
Case #106:
www.inflection.com
Case #107:
www.purify.com
Case #108:
www.sickened.com
Case #109:
www.overcast.com
www.specious.com
Case #110:
www.assortment.com
Case #111:
www.adonis.com
Case #112:
www.pinnacle.com
Case #113:
www.onslaught.com
Case #114:
www.abdomen.com
Case #115:
www.bellows.com
Case #116:
www.refractory.com
Case #117:
www.armament.com
www.withstood.com
Case #118:
www.tingling.com
www.decorous.com
Case #119:
www.circumstantial.com
Case #120:
www.greens.com
Case #121:
www.hopped.com
www.forked.com
Case #122:
www.primal.com
www.carbonic.com
Case #123:
www.presidency.com
www.ontario.com
Case #124:
www.elemental.com
www.glorify.com
Case #125:
www.disappointing.com
www.tinker.com
Case #126:
www.elemental.com
Case #127:
www.trappings.com
Case #128:
www.monumental.com
Case #129:
www.lombardy.com
Case #130:
www.aristocrat.com
Case #131:
www.varnish.com
Case #132:
www.inimitable.com
Case #133:
www.purification.com
Case #134:
www.uncomfortably.com
www.harmful.com
www.gangway.com
Case #135:
www.countryside.com
www.halter.com
Case #136:
www.thrift.com
Case #137:
www.impotence.com
Case #138:
www.interpose.com
Case #139:
www.complement.com
Case #140:
www.squall.com
Case #141:
www.outlay.com
Case #142:
www.flagrant.com
Case #143:
www.beguile.com
Case #144:
www.absolution.com
Case #145:
www.physiology.com
Case #146:
www.lawfully.com
Case #147:
www.sedition.com
Case #148:
www.conjugal.com
www.hackers.com
www.piping.com
Case #149:
www.fittest.com
www.impact.com
Case #150:
www.flagrant.com
Case #151:
www.originate.com
Case #152:
www.portmanteau.com
www.capabilities.com
Case #153:
www.withstood.com
Case #154:
www.nottingham.com
Case #155:
www.diffuse.com
Case #156:
www.carbonic.com
Case #157:
www.vindication.com
Case #158:
www.disappointing.com
Case #159:
www.conservatory.com
Case #160:
www.macedonian.com
Case #161:
www.pinnacle.com
Case #162:
www.talkative.com
Case #163:
www.limpid.com
Case #164:
www.vindication.com
www.paroxysm.com
www.parole.com
Case #165:
www.contrasting.com
www.cuckoo.com
Case #166:
www.candidly.com
Case #167:
www.surgery.com
Case #168:
www.monumental.com
Case #169:
www.adoring.com
Case #170:
www.innkeeper.com
Case #171:
www.conciliate.com
Case #172:
www.squall.com
Case #173:
www.diffidence.com
Case #174:
www.wigwam.com
Case #175:
www.ostensibly.com
Case #176:
www.effeminate.com
www.disheartened.com
Case #177:
www.gangway.com
Case #178:
www.interpose.com
www.antelope.com
Case #179:
www.crevice.com
Case #180:
www.licking.com
www.mammals.com
Case #181:
www.platter.com
www.geology.com
www.spartans.com
Case #182:
www.tasting.com
www.acquiesce.com
www.relapse.com
www.degrade.com
Case #183:
www.falcon.com
www.complexity.com
Case #184:
www.coroner.com
www.nautical.com
Case #185:
www.abdomen.com
Case #186:
www.governmental.com
Case #187:
www.drainage.com
Case #188:
www.expire.com
Case #189:
www.verona.com
www.cleansing.com
www.adoring.com
Case #190:
www.indigenous.com
www.ezekiel.com
Case #191:
www.wigwam.com
www.cuckoo.com
Case #192:
www.candidly.com
Case #193:
www.physiology.com
www.slayer.com
Case #194:
www.geraldine.com
Case #195:
www.colourless.com
www.abodes.com
Case #196:
www.convulsion.com
Case #197:
www.misunderstand.com
Case #198:
www.greens.com
Case #199:
www.patriarchal.com
Case #200:
www.seashore.com
Case #201:
www.carnage.com
Case #202:
www.portmanteau.com
Case #203:
www.symbolism.com
Case #204:
www.oceans.com
www.intellectually.com
Case #205:
www.patriarchal.com
Case #206:
www.absolution.com
Case #207:
www.richards.com
Case #208:
www.remission.com
www.definitions.com
Case #209:
www.intellectually.com
www.rectitude.com
Case #210:
www.appreciative.com
Case #211:
www.forked.com
www.controls.com
Case #212:
www.portmanteau.com
Case #213:
www.spartans.com
Case #214:
www.thumbs.com
Case #215:
www.perfidy.com
www.plaintiff.com
Case #216:
www.matted.com
Case #217:
www.parole.com
Case #218:
www.exasperation.com
Case #219:
www.shutter.com
Case #220:
www.mammals.com
Case #221:
www.disheartened.com
www.welcoming.com
Case #222:
www.lizard.com
Case #223:
www.clamorous.com
Case #224:
www.fluent.com
www.postal.com
Case #225:
www.elliott.com
Case #226:
www.morose.com
Case #227:
www.plaintiff.com
www.decorous.com
Case #228:
www.ignominious.com
Case #229:
www.morose.com
Case #230:
www.nutmeg.com
Case #231:
www.shaven.com
www.abdomen.com
Case #232:
www.condemning.com
Case #233:
www.phoenician.com
Case #234:
www.inflection.com
www.specious.com
Case #235:
www.palatine.com
www.tenets.com
www.discerning.com
www.alaric.com
www.savior.com
Case #236:
www.implication.com
Case #237:
www.caustic.com
www.vernacular.com
www.gallic.com
Case #238:
www.bruise.com
Case #239:
www.trappings.com
www.immutable.com
Case #240:
www.imbecile.com
www.capita.com
Case #241:
www.sanskrit.com
Case #242:
www.tribulation.com
www.profusely.com
Case #243:
www.portly.com
Case #244:
www.terrier.com
Case #245:
www.unaided.com
www.pastry.com
Case #246:
www.inducing.com
Case #247:
www.acquiesce.com
www.boulder.com
Case #248:
www.hermes.com
Case #249:
www.incentive.com
www.overnight.com
www.camden.com
Case #250:
www.seminary.com
www.digits.com
Case #251:
www.forked.com
Case #252:
www.commendable.com
Case #253:
www.impoverished.com
Case #254:
www.usurper.com
Case #255:
www.perpetuate.com
www.cravat.com
Case #256:
www.diving.com
www.onslaught.com
Case #257:
www.portmanteau.com
www.seductive.com
Case #258:
www.isabelle.com
Case #259:
www.portfolio.com
Case #260:
www.emmanuel.com
Case #261:
www.impoverished.com
Case #262:
www.halter.com
Case #263:
www.unconcerned.com
Case #264:
www.bespoke.com
Case #265:
www.falcon.com
Case #266:
www.dishonesty.com
www.alfonso.com
Case #267:
www.mantel.com
Case #268:
www.exuberant.com
Case #269:
www.negation.com
Case #270:
www.handiwork.com
Case #271:
www.startle.com
www.heralds.com
www.exasperation.com
Case #272:
www.usurped.com
www.recipient.com
Case #273:
www.endanger.com
www.autobiography.com
www.inoffensive.com
Case #274:
www.fatherly.com
Case #275:
www.qualify.com
Case #276:
www.symphony.com
www.bazaar.com
Case #277:
www.seminary.com
Case #278:
www.bespoke.com
Case #279:
www.ravenna.com
Case #280:
www.sideboard.com
Case #281:
www.overhung.com
www.welcoming.com
www.crumbled.com
www.digits.com
Case #282:
www.blithe.com
www.appreciative.com
www.aboriginal.com
Case #283:
www.cravat.com
Case #284:
www.conciliatory.com
Case #285:
www.sanitary.com
www.rhythmic.com
Case #286:
www.suburban.com
Case #287:
www.imbecile.com
Case #288:
www.tasting.com
Case #289:
www.waterfall.com
Case #290:
www.accumulating.com
Case #291:
www.copenhagen.com
Case #292:
www.sanskrit.com
Case #293:
www.fragmentary.com
www.dishonesty.com
Case #294:
www.indisposition.com
Case #295:
www.grumble.com
Case #296:
www.overnight.com
Case #297:
www.grumble.com
www.impartiality.com
Case #298:
www.copenhagen.com
Case #299:
www.effeminate.com
Case #300:
www.tasting.com
www.journalism.com
Case #301:
www.outlay.com
Case #302:
www.antecedent.com
Case #303:
www.accumulating.com
Case #304:
www.volatile.com
Case #305:
www.dragons.com
Case #306:
www.rhythmic.com
www.utrecht.com
Case #307:
www.marshy.com
Case #308:
www.ezekiel.com
www.effeminate.com
Case #309:
www.opaque.com
Case #310:
www.unconcerned.com
www.coating.com
www.bradford.com
Case #311:
www.dauntless.com
Case #312:
www.canned.com
Case #313:
www.convulsion.com
Case #314:
www.armament.com
www.cadence.com
www.lombardy.com
Case #315:
www.utrecht.com
Case #316:
www.pinnacle.com
www.indigenous.com
Case #317:
www.snorted.com
Case #318:
www.proportionate.com
Case #319:
www.detention.com
Case #320:
www.diffuse.com
www.prolific.com
Case #321:
www.importunate.com
www.arable.com
Case #322:
www.clamorous.com
Case #323:
www.relapse.com
Case #324:
www.disreputable.com
Case #325:
www.bellows.com
www.alaric.com
Case #326:
www.refractory.com
www.glorify.com
Case #327:
www.easterly.com
www.taketh.com
Case #328:
www.emmanuel.com
Case #329:
www.grumble.com
Case #330:
www.tinker.com
www.ontario.com
www.bigotry.com
Case #331:
www.birthright.com
www.grapple.com
Case #332:
www.bananas.com
Case #333:
www.perfidy.com
www.lecturer.com
www.barometer.com
Case #334:
www.acquiesce.com
www.visual.com
Case #335:
www.accumulate.com
www.portmanteau.com
Case #336:
www.amazingly.com
Case #337:
www.contrasting.com
Case #338:
www.ignominious.com
Case #339:
www.seminary.com
Case #340:
www.omnipotent.com
Case #341:
www.amazingly.com
Case #342:
www.disheartened.com
Case #343:
www.pranks.com
Case #344:
www.constituent.com
Case #345:
www.aristocrat.com
Case #346:
www.coating.com
Case #347:
www.copenhagen.com
www.stewed.com
Case #348:
www.arable.com
Case #349:
www.thrift.com
www.chisel.com
Case #350:
www.pauper.com
www.unconcerned.com
Case #351:
www.impact.com
www.tanned.com
Case #352:
www.coroner.com
Case #353:
www.feasible.com
www.foothold.com
Case #354:
www.bigotry.com
Case #355:
www.equitable.com
Case #356:
www.patriarchal.com
Case #357:
www.condemning.com
Case #358:
www.bluish.com
Case #359:
www.squall.com
Case #360:
www.rapturous.com
Case #361:
www.inoffensive.com
Case #362:
www.solutions.com
Case #363:
www.handiwork.com
Case #364:
www.degrade.com
Case #365:
www.rhetorical.com
Case #366:
www.nazareth.com
www.mushrooms.com
Case #367:
www.methodical.com
Case #368:
www.inimitable.com
Case #369:
www.carnage.com
Case #370:
www.sanitary.com
Case #371:
www.spartans.com
Case #372:
www.mislead.com
Case #373:
www.presidency.com
Case #374:
www.handiwork.com
Case #375:
www.fleece.com
www.dauntless.com
Case #376:
www.phoenician.com
Case #377:
www.complexity.com
Case #378:
www.contiguous.com
www.negligent.com
www.clipped.com
www.harmful.com
Case #379:
www.oceans.com
www.impropriety.com
Case #380:
www.barometer.com
Case #381:
www.impartiality.com
www.grumble.com
Case #382:
www.viands.com
Case #383:
www.fortify.com
www.delegate.com
Case #384:
www.unitarian.com
Case #385:
www.innermost.com
Case #386:
www.macedonian.com
Case #387:
www.griffith.com
Case #388:
www.intervene.com
www.glorify.com
www.usurpation.com
Case #389:
www.facile.com
www.adonis.com
Case #390:
www.stockade.com
www.bruise.com
Case #391:
www.aboriginal.com
www.lobster.com
Case #392:
www.convulsion.com
Case #393:
www.cancer.com
Case #394:
www.fatherly.com
Case #395:
www.judaism.com
www.fermentation.com
www.beacon.com
Case #396:
www.fireworks.com
www.innermost.com
www.herbage.com
www.blithe.com
Case #397:
www.adonis.com
Case #398:
www.easterly.com
Case #399:
www.disheartened.com
Case #400:
www.digits.com
Case #401:
www.gangway.com
Case #402:
www.elegantly.com
www.abodes.com
Case #403:
www.amazon.com
www.vernacular.com
Case #404:
www.perfidy.com
Case #405:
www.barometer.com
Case #406:
www.agreements.com
Case #407:
www.legendary.com
www.trappings.com
Case #408:
www.feasible.com
Case #409:
www.shutter.com
Case #410:
www.portly.com
Case #411:
www.immensity.com
Case #412:
www.crevice.com
Case #413:
www.saturn.com
Case #414:
www.scabbard.com
Case #415:
www.pensions.com
Case #416:
www.institute.com
www.controls.com
Case #417:
www.invoke.com
www.composite.com
Case #418:
www.alicia.com
Case #419:
www.cavalcade.com
Case #420:
www.unrestrained.com
Case #421:
www.usurped.com
www.piping.com
www.immaculate.com
Case #422:
www.somber.com
Case #423:
www.sufficiency.com
Case #424:
www.dissolving.com
www.simile.com
Case #425:
www.caustic.com
Case #426:
www.lobster.com
Case #427:
www.symphony.com
Case #428:
www.hierarchy.com
www.mislead.com
www.raillery.com
Case #429:
www.falcon.com
www.unconcerned.com
Case #430:
www.proportionate.com
www.disreputable.com
www.talkative.com
Case #431:
www.ravenna.com
Case #432:
www.keenness.com
Case #433:
www.relapse.com
Case #434:
www.spurious.com
Case #435:
www.startle.com
Case #436:
www.orthodoxy.com
Case #437:
www.camden.com
Case #438:
www.chilling.com
www.mislead.com
Case #439:
www.wicket.com
www.phoenician.com
www.gallic.com
Case #440:
www.enjoyable.com
www.disheartened.com
www.lavender.com
Case #441:
www.amazon.com
Case #442:
www.undress.com
www.postal.com
Case #443:
www.composite.com
www.worshipping.com
Case #444:
www.accumulate.com
www.uncontrollable.com
Case #445:
www.physiology.com
Case #446:
www.loosen.com
Case #447:
www.vivacious.com
Case #448:
www.multiplication.com
www.copenhagen.com
Case #449:
www.retail.com
www.sanskrit.com
Case #450:
www.contiguous.com
Case #451:
www.grapple.com
www.capita.com
Case #452:
www.bananas.com
Case #453:
www.aboriginal.com
www.bulwark.com
Case #454:
www.analyze.com
Case #455:
www.capacious.com
Case #456:
www.clipped.com
Case #457:
www.negation.com
Case #458:
www.nautical.com
Case #459:
www.utrecht.com
Case #460:
www.antecedent.com
Case #461:
www.proportionate.com
Case #462:
www.scandinavian.com
www.sickened.com
www.tingling.com
Case #463:
www.kerchief.com
www.furrow.com
Case #464:
www.drainage.com
Case #465:
www.licking.com
Case #466:
www.fencing.com
www.endanger.com
Case #467:
www.agreements.com
Case #468:
www.negation.com
Case #469:
www.immutable.com
Case #470:
www.exasperation.com
www.impotence.com
Case #471:
www.crumbled.com
Case #472:
www.uncontrollable.com
www.incorrect.com
Case #473:
www.cravat.com
Case #474:
www.permanence.com
Case #475:
www.permanence.com
www.fittest.com
Case #476:
www.indisposition.com
www.racket.com
Case #477:
www.lavender.com
www.variegated.com
Case #478:
www.mushrooms.com
Case #479:
www.kerchief.com
www.sanitary.com
Case #480:
www.raillery.com
www.diffuse.com
Case #481:
www.indisposition.com
www.feasible.com
Case #482:
www.invoke.com
www.tinker.com
Case #483:
www.diffuse.com
Case #484:
www.pebble.com
Case #485:
www.quicken.com
Case #486:
www.retaliation.com
Case #487:
www.discount.com
Case #488:
www.expire.com
Case #489:
www.piping.com
www.incarnate.com
Case #490:
www.tinker.com
www.bananas.com
Case #491:
www.introductory.com
www.winner.com
Case #492:
www.lecturer.com
www.condemning.com
www.aristocrat.com
Case #493:
www.clamorous.com
Case #494:
www.pendulum.com
Case #495:
www.immaculate.com
www.irreparable.com
Case #496:
www.harmful.com
Case #497:
www.ointment.com
www.overnight.com
www.travail.com
Case #498:
www.cosmopolitan.com
Case #499:
www.porridge.com
www.indigenous.com
Case #500:
www.predict.com
www.maddening.com
Case #501:
www.raillery.com
www.visual.com
Case #502:
www.purification.com
Case #503:
www.oceans.com
Case #504:
www.ontario.com
Case #505:
www.barrister.com
Case #506:
www.fatherly.com
Case #507:
www.thorny.com
Case #508:
www.maddening.com
Case #509:
www.journalism.com
Case #510:
www.abusing.com
Case #511:
www.geraldine.com
Case #512:
www.fluent.com
Case #513:
www.mosquito.com
www.aboriginal.com
Case #514:
www.cuckoo.com
Case #515:
www.pendulum.com
www.solutions.com
Case #516:
www.impartiality.com
Case #517:
www.cancer.com
Case #518:
www.evergreen.com
www.ontario.com
Case #519:
www.plaintiff.com
Case #520:
www.enjoyable.com
www.warsaw.com
Case #521:
www.wrathful.com
www.uncontrollable.com
Case #522:
www.utrecht.com
www.seashore.com
Case #523:
www.judaism.com
www.consecutive.com
Case #524:
www.lombardy.com
www.impact.com
Case #525:
www.testament.com
www.mantel.com
Case #526:
www.composite.com
Case #527:
www.rectitude.com
Case #528:
www.bigotry.com
Case #529:
www.shanty.com
Case #530:
www.tomahawk.com
Case #531:
www.disheartened.com
Case #532:
www.intervene.com
www.delegate.com
Case #533:
www.hopped.com
Case #534:
www.shanty.com
Case #535:
www.innermost.com
Case #536:
www.foothold.com
Case #537:
www.vibrating.com
Case #538:
www.covetous.com
Case #539:
www.immigration.com
Case #540:
www.utrecht.com
www.vindication.com
www.consecutive.com
Case #541:
www.immensity.com
www.contingency.com
Case #542:
www.morose.com
www.seminary.com
Case #543:
www.candlestick.com
www.invoke.com
Case #544:
www.prolific.com
Case #545:
www.blanched.com
Case #546:
www.governmental.com
Case #547:
www.rapturous.com
www.wicket.com
Case #548:
www.fittest.com
www.judaism.com
Case #549:
www.dexterous.com
Case #550:
www.cancer.com
www.parole.com
Case #551:
www.undergrowth.com
Case #552:
www.conservatory.com
Case #553:
www.disreputable.com
Case #554:
www.overcast.com
Case #555:
www.permanence.com
www.matted.com
Case #556:
www.unitarian.com
www.methodical.com
Case #557:
www.vibrating.com
www.ignominious.com
www.symbolism.com
Case #558:
www.prevention.com
Case #559:
www.widower.com
www.effeminate.com
Case #560:
www.bluish.com
Case #561:
www.mammals.com
Case #562:
www.isabelle.com
Case #563:
www.dishevelled.com
Case #564:
www.terminating.com
www.clamorous.com
Case #565:
www.prehistoric.com
Case #566:
www.incentive.com
Case #567:
www.canned.com
Case #568:
www.impact.com
www.progeny.com
Case #569:
www.lobster.com
Case #570:
www.complement.com
Case #571:
www.candidly.com
Case #572:
www.potash.com
Case #573:
www.carnage.com
Case #574:
www.acquiesce.com
Case #575:
www.simile.com
Case #576:
www.geology.com
www.fireworks.com
www.rapturous.com
Case #577:
www.medley.com
Case #578:
www.bruise.com
Case #579:
www.alaric.com
Case #580:
www.dissolving.com
www.inmate.com
Case #581:
www.antelope.com
Case #582:
www.absolution.com
Case #583:
www.dishonesty.com
Case #584:
www.winner.com
Case #585:
www.whiles.com
Case #586:
www.elliott.com
Case #587:
www.cadence.com
Case #588:
www.portrayed.com
Case #589:
www.discerning.com
Case #590:
www.visual.com
Case #591:
www.carnage.com
Case #592:
www.stewed.com
Case #593:
www.snorted.com
Case #594:
www.proportionate.com
Case #595:
www.alfonso.com
www.admiringly.com
Case #596:
www.camden.com
Case #597:
www.amazon.com
Case #598:
www.evergreen.com
Case #599:
www.startle.com
www.opulent.com
Case #600:
www.partridge.com
www.compunction.com
Case #601:
www.waterfall.com
Case #602:
www.sector.com
Case #603:
www.dynamite.com
Case #604:
www.scurvy.com
Case #605:
www.immaterial.com
Case #606:
www.salient.com
Case #607:
www.travail.com
Case #608:
www.conciliate.com
Case #609:
www.scabbard.com
Case #610:
www.portly.com
Case #611:
www.symphony.com
Case #612:
www.detention.com
www.slighted.com
Case #613:
www.grapple.com
Case #614:
www.wrench.com
Case #615:
www.terminating.com
Case #616:
www.repudiated.com
Case #617:
www.persecute.com
Case #618:
www.unconcerned.com
Case #619:
www.ravenna.com
www.incentive.com
Case #620:
www.opaque.com
www.uncomfortably.com
Case #621:
www.deplore.com
Case #622:
www.beguile.com
Case #623:
www.bespoke.com
Case #624:
www.qualify.com
www.saturn.com
Case #625:
www.scurvy.com
Case #626:
www.snorted.com
Case #627:
www.dishevelled.com
www.insignificance.com
Case #628:
www.medley.com
Case #629:
www.physiology.com
Case #630:
www.intermittent.com
Case #631:
www.impotence.com
Case #632:
www.forked.com
www.scandinavian.com
Case #633:
www.corporate.com
Case #634:
www.fermentation.com
Case #635:
www.appreciative.com
www.marshy.com
Case #636:
www.tribulation.com
www.elemental.com
Case #637:
www.ignominious.com
www.disreputable.com
Case #638:
www.debris.com
Case #639:
www.worshipping.com
www.blanched.com
Case #640:
www.rejoinder.com
www.prometheus.com
Case #641:
www.complement.com
Case #642:
www.complement.com
Case #643:
www.mosquito.com
www.alfonso.com
Case #644:
www.perfidy.com
www.fallacy.com
Case #645:
www.visual.com
www.philanthropy.com
Case #646:
www.tenets.com
Case #647:
www.belligerent.com
Case #648:
www.viands.com
Case #649:
www.fireworks.com
Case #650:
www.arable.com
Case #651:
www.lecturer.com
www.griffith.com
Case #652:
www.compunction.com
www.bigotry.com
Case #653:
www.negation.com
Case #654:
www.capita.com
www.profusely.com
Case #655:
www.negation.com
Case #656:
www.institute.com
Case #657:
www.cosmopolitan.com
Case #658:
www.predict.com
www.thrift.com
www.sedition.com
Case #659:
www.hierarchy.com
Case #660:
www.arable.com
www.ointment.com
www.fragmentary.com
Case #661:
www.unaided.com
www.havana.com
Case #662:
www.induction.com
Case #663:
www.immaterial.com
www.institute.com
Case #664:
www.keenness.com
Case #665:
www.pendulum.com
www.nutmeg.com
Case #666:
www.discerning.com
