The string 'anna' contains 4 palindromes.
The string 'civic' contains 5 palindromes.
The string 'kayak' contains 5 palindromes.
The string 'level' contains 5 palindromes.
The string 'madam' contains 5 palindromes.
The string 'mom' contains 3 palindromes.
The string 'noon' contains 4 palindromes.
The string 'racecar' contains 7 palindromes.
The string 'radar' contains 5 palindromes.
The string 'redder' contains 6 palindromes.
The string 'refer' contains 5 palindromes.
The string 'repaper' contains 7 palindromes.
The string 'rotator' contains 7 palindromes.
The string 'rotor' contains 5 palindromes.
The string 'sagas' contains 5 palindromes.
The string 'solos' contains 5 palindromes.
The string 'stats' contains 5 palindromes.
The string 'tenet' contains 5 palindromes.
The string 'wow' contains 3 palindromes.
The string 'eye' contains 3 palindromes.
The string 'pop' contains 3 palindromes.
The string 'redivider' contains 9 palindromes.
The string 'detartrated' contains 10 palindromes.
The string 'tattarrattat' contains 12 palindromes.
The string 'aibohphobia' contains 11 palindromes.
The string 'eve' contains 3 palindromes.
The string 'bob' contains 3 palindromes.
The string 'otto' contains 4 palindromes.
The string 'hannah' contains 6 palindromes.
The string 'alula' contains 5 palindromes.
The string 'cammac' contains 6 palindromes.
The string 'deified' contains 7 palindromes.
The string 'deleveled' contains 9 palindromes.
The string 'devoved' contains 7 palindromes.
The string 'dewed' contains 5 palindromes.
The string 'evitative' contains 9 palindromes.
The string 'kinnikinnik' contains 11 palindromes.
The string 'lemel' contains 5 palindromes.
The string 'malayalam' contains 9 palindromes.
The string 'minim' contains 5 palindromes.
The string 'murdrum' contains 7 palindromes.
The string 'peeweep' contains 7 palindromes.
The string 'reifier' contains 7 palindromes.
The string 'reviver' contains 7 palindromes.
The string 'rotavator' contains 9 palindromes.
The string 'sexes' contains 5 palindromes.
The string 'terret' contains 6 palindromes.
The string 'testset' contains 6 palindromes.
The string 'nitin' contains 5 palindromes.
The string 'naman' contains 5 palindromes.
