Discarded cards:
Remaining card: 1
Discarded cards: 1, 3, 5, 7, 2, 6, 4
Remaining card: 8
Discarded cards: 1, 3, 5, 7, 9, 11, 4, 8, 2, 10
Remaining card: 6
Discarded cards: 1, 3, 5, 7, 9, 11, 13, 4, 8, 12, 6, 2
Remaining card: 10
Discarded cards: 1, 3, 5, 7, 9, 11, 13, 15, 17, 19, 21, 2, 6, 10, 14, 18, 22, 8, 16, 4, 20
Remaining card: 12
Discarded cards: 1, 3, 5, 7, 9, 11, 13, 15, 17, 19, 21, 23, 25, 27, 4, 8, 12, 16, 20, 24, 2, 10, 18, 26, 14, 6
Remaining card: 22
Discarded cards: 1, 3, 5, 7, 9, 11, 13, 15, 17, 19, 21, 23, 25, 27, 29, 31, 33, 35, 2, 6, 10, 14, 18, 22, 26, 30, 34, 4, 12, 20, 28, 36, 16, 32, 24
Remaining card: 8
Discarded cards: 1, 3, 5, 7, 9, 11, 13, 15, 17, 19, 21, 23, 25, 27, 29, 31, 33, 35, 37, 39, 4, 8, 12, 16, 20, 24, 28, 32, 36, 2, 10, 18, 26, 34, 6, 22, 38, 30
Remaining card: 14
Discarded cards: 1, 3, 5, 7, 9, 11, 13, 15, 17, 19, 21, 23, 25, 27, 29, 31, 33, 35, 37, 39, 41, 43, 2, 6, 10, 14, 18, 22, 26, 30, 34, 38, 42, 4, 12, 20, 28, 36, 44, 16, 32, 8, 40
Remaining card: 24
Discarded cards: 1, 3, 5, 7, 9, 11, 13, 15, 17, 19, 21, 23, 25, 27, 29, 31, 33, 35, 37, 39, 41, 43, 45, 47, 4, 8, 12, 16, 20, 24, 28, 32, 36, 40, 44, 2, 10, 18, 26, 34, 42, 6, 22, 38, 14, 46
Remaining card: 30
Discarded cards: 1, 3, 5, 7, 9, 11, 13, 15, 17, 19, 21, 23, 25, 27, 29, 31, 33, 35, 37, 39, 41, 43, 45, 47, 49, 2, 6, 10, 14, 18, 22, 26, 30, 34, 38, 42, 46, 50, 8, 16, 24, 32, 40, 48, 12, 28, 44, 20, 4
Remaining card: 36
