Discarded cards: 1, 3, 5, 7, 9, 11, 13, 15, 17, 19, 21, 23, 25, 27, 29, 31, 33, 35, 37, 39, 41, 43, 45, 47, 49, 2, 6, 10, 14, 18, 22, 26, 30, 34, 38, 42, 46, 50, 8, 16, 24, 32, 40, 48, 12, 28, 44, 20, 4
Remaining card: 36
Discarded cards: 1, 3, 5, 7, 9, 11, 13, 15, 17, 19, 21, 23, 25, 27, 29, 31, 33, 35, 37, 39, 41, 43, 45, 47, 49, 4, 8, 12, 16, 20, 24, 28, 32, 36, 40, 44, 48, 6, 14, 22, 30, 38, 46, 10, 26, 42, 18, 2
Remaining card: 34
Discarded cards: 1, 3, 5, 7, 9, 11, 13, 15, 17, 19, 21, 23, 25, 27, 29, 31, 33, 35, 37, 39, 41, 43, 45, 47, 2, 6, 10, 14, 18, 22, 26, 30, 34, 38, 42, 46, 4, 12, 20, 28, 36, 44, 8, 24, 40, 16, 48
Remaining card: 32
Discarded cards: 1, 3, 5, 7, 9, 11, 13, 15, 17, 19, 21, 23, 25, 27, 29, 31, 33, 35, 37, 39, 41, 43, 45, 47, 4, 8, 12, 16, 20, 24, 28, 32, 36, 40, 44, 2, 10, 18, 26, 34, 42, 6, 22, 38, 14, 46
Remaining card: 30
Discarded cards: 1, 3, 5, 7, 9, 11, 13, 15, 17, 19, 21, 23, 25, 27, 29, 31, 33, 35, 37, 39, 41, 43, 45, 2, 6, 10, 14, 18, 22, 26, 30, 34, 38, 42, 46, 8, 16, 24, 32, 40, 4, 20, 36, 12, 44
Remaining card: 28
Discarded cards: 1, 3, 5, 7, 9, 11, 13, 15, 17, 19, 21, 23, 25, 27, 29, 31, 33, 35, 37, 39, 41, 43, 45, 4, 8, 12, 16, 20, 24, 28, 32, 36, 40, 44, 6, 14, 22, 30, 38, 2, 18, 34, 10, 42
Remaining card: 26
Discarded cards: 1, 3, 5, 7, 9, 11, 13, 15, 17, 19, 21, 23, 25, 27, 29, 31, 33, 35, 37, 39, 41, 43, 2, 6, 10, 14, 18, 22, 26, 30, 34, 38, 42, 4, 12, 20, 28, 36, 44, 16, 32, 8, 40
Remaining card: 24
Discarded cards: 1, 3, 5, 7, 9, 11, 13, 15, 17, 19, 21, 23, 25, 27, 29, 31, 33, 35, 37, 39, 41, 43, 4, 8, 12, 16, 20, 24, 28, 32, 36, 40, 2, 10, 18, 26, 34, 42, 14, 30, 6, 38
Remaining card: 22
Discarded cards: 1, 3, 5, 7, 9, 11, 13, 15, 17, 19, 21, 23, 25, 27, 29, 31, 33, 35, 37, 39, 41, 2, 6, 10, 14, 18, 22, 26, 30, 34, 38, 42, 8, 16, 24, 32, 40, 12, 28, 4, 36
Remaining card: 20
Discarded cards: 1, 3, 5, 7, 9, 11, 13, 15, 17, 19, 21, 23, 25, 27, 29, 31, 33, 35, 37, 39, 41, 4, 8, 12, 16, 20, 24, 28, 32, 36, 40, 6, 14, 22, 30, 38, 10, 26, 2, 34
Remaining card: 18
Discarded cards: 1, 3, 5, 7, 9, 11, 13, 15, 17, 19, 21, 23, 25, 27, 29, 31, 33, 35, 37, 39, 2, 6, 10, 14, 18, 22, 26, 30, 34, 38, 4, 12, 20, 28, 36, 8, 24, 40, 32
Remaining card: 16
Discarded cards: 1, 3, 5, 7, 9, 11, 13, 15, 17, 19, 21, 23, 25, 27, 29, 31, 33, 35, 37, 39, 4, 8, 12, 16, 20, 24, 28, 32, 36, 2, 10, 18, 26, 34, 6, 22, 38, 30
Remaining card: 14
Discarded cards: 1, 3, 5, 7, 9, 11, 13, 15, 17, 19, 21, 23, 25, 27, 29, 31, 33, 35, 37, 2, 6, 10, 14, 18, 22, 26, 30, 34, 38, 8, 16, 24, 32, 4, 20, 36, 28
Remaining card: 12
Discarded cards: 1, 3, 5, 7, 9, 11, 13, 15, 17, 19, 21, 23, 25, 27, 29, 31, 33, 35, 37, 4, 8, 12, 16, 20, 24, 28, 32, 36, 6, 14, 22, 30, 2, 18, 34, 26
Remaining card: 10
Discarded cards: 1, 3, 5, 7, 9, 11, 13, 15, 17, 19, 21, 23, 25, 27, 29, 31, 33, 35, 2, 6, 10, 14, 18, 22, 26, 30, 34, 4, 12, 20, 28, 36, 16, 32, 24
Remaining card: 8
Discarded cards: 1, 3, 5, 7, 9, 11, 13, 15, 17, 19, 21, 23, 25, 27, 29, 31, 33, 35, 4, 8, 12, 16, 20, 24, 28, 32, 2, 10, 18, 26, 34, 14, 30, 22
Remaining card: 6
Discarded cards: 1, 3, 5, 7, 9, 11, 13, 15, 17, 19, 21, 23, 25, 27, 29, 31, 33, 2, 6, 10, 14, 18, 22, 26, 30, 34, 8, 16, 24, 32, 12, 28, 20
Remaining card: 4
Discarded cards: 1, 3, 5, 7, 9, 11, 13, 15, 17, 19, 21, 23, 25, 27, 29, 31, 33, 4, 8, 12, 16, 20, 24, 28, 32, 6, 14, 22, 30, 10, 26, 18
Remaining card: 2
Discarded cards: 1, 3, 5, 7, 9, 11, 13, 15, 17, 19, 21, 23, 25, 27, 29, 31, 2, 6, 10, 14, 18, 22, 26, 30, 4, 12, 20, 28, 8, 24, 16
Remaining card: 32
Discarded cards: 1, 3, 5, 7, 9, 11, 13, 15, 17, 19, 21, 23, 25, 27, 29, 31, 4, 8, 12, 16, 20, 24, 28, 2, 10, 18, 26, 6, 22, 14
Remaining card: 30
Discarded cards: 1, 3, 5, 7, 9, 11, 13, 15, 17, 19, 21, 23, 25, 27, 29, 2, 6, 10, 14, 18, 22, 26, 30, 8, 16, 24, 4, 20, 12
Remaining card: 28
Discarded cards: 1, 3, 5, 7, 9, 11, 13, 15, 17, 19, 21, 23, 25, 27, 29, 4, 8, 12, 16, 20, 24, 28, 6, 14, 22, 2, 18, 10
Remaining card: 26
Discarded cards: 1, 3, 5, 7, 9, 11, 13, 15, 17, 19, 21, 23, 25, 27, 2, 6, 10, 14, 18, 22, 26, 4, 12, 20, 28, 16, 8
Remaining card: 24
Discarded cards: 1, 3, 5, 7, 9, 11, 13, 15, 17, 19, 21, 23, 25, 27, 4, 8, 12, 16, 20, 24, 2, 10, 18, 26, 14, 6
Remaining card: 22
Discarded cards: 1, 3, 5, 7, 9, 11, 13, 15, 17, 19, 21, 23, 25, 2, 6, 10, 14, 18, 22, 26, 8, 16, 24, 12, 4
Remaining card: 20
Discarded cards: 1, 3, 5, 7, 9, 11, 13, 15, 17, 19, 21, 23, 25, 4, 8, 12, 16, 20, 24, 6, 14, 22, 10, 2
Remaining card: 18
Discarded cards: 1, 3, 5, 7, 9, 11, 13, 15, 17, 19, 21, 23, 2, 6, 10, 14, 18, 22, 4, 12, 20, 8, 24
Remaining card: 16
Discarded cards: 1, 3, 5, 7, 9, 11, 13, 15, 17, 19, 21, 23, 4, 8, 12, 16, 20, 2, 10, 18, 6, 22
Remaining card: 14
Discarded cards: 1, 3, 5, 7, 9, 11, 13, 15, 17, 19, 21, 2, 6, 10, 14, 18, 22, 8, 16, 4, 20
Remaining card: 12
Discarded cards: 1, 3, 5, 7, 9, 11, 13, 15, 17, 19, 21, 4, 8, 12, 16, 20, 6, 14, 2, 18
Remaining card: 10
Discarded cards: 1, 3, 5, 7, 9, 11, 13, 15, 17, 19, 2, 6, 10, 14, 18, 4, 12, 20, 16
Remaining card: 8
Discarded cards: 1, 3, 5, 7, 9, 11, 13, 15, 17, 19, 4, 8, 12, 16, 2, 10, 18, 14
Remaining card: 6
Discarded cards: 1, 3, 5, 7, 9, 11, 13, 15, 17, 2, 6, 10, 14, 18, 8, 16, 12
Remaining card: 4
Discarded cards: 1, 3, 5, 7, 9, 11, 13, 15, 17, 4, 8, 12, 16, 6, 14, 10
Remaining card: 2
Discarded cards: 1, 3, 5, 7, 9, 11, 13, 15, 2, 6, 10, 14, 4, 12, 8
Remaining card: 16
Discarded cards: 1, 3, 5, 7, 9, 11, 13, 15, 4, 8, 12, 2, 10, 6
Remaining card: 14
Discarded cards: 1, 3, 5, 7, 9, 11, 13, 2, 6, 10, 14, 8, 4
Remaining card: 12
Discarded cards: 1, 3, 5, 7, 9, 11, 13, 4, 8, 12, 6, 2
Remaining card: 10
Discarded cards: 1, 3, 5, 7, 9, 11, 2, 6, 10, 4, 12
Remaining card: 8
Discarded cards: 1, 3, 5, 7, 9, 11, 4, 8, 2, 10
Remaining card: 6
Discarded cards: 1, 3, 5, 7, 9, 2, 6, 10, 8
Remaining card: 4
Discarded cards: 1, 3, 5, 7, 9, 4, 8, 6
Remaining card: 2
Discarded cards: 1, 3, 5, 7, 2, 6, 4
Remaining card: 8
Discarded cards: 1, 3, 5, 7, 4, 2
Remaining card: 6
Discarded cards: 1, 3, 5, 2, 6
Remaining card: 4
Discarded cards: 1, 3, 5, 4
Remaining card: 2
Discarded cards: 1, 3, 2
Remaining card: 4
Discarded cards: 1, 3
Remaining card: 2
Discarded cards: 1
Remaining card: 2
Discarded cards:
Remaining card: 1
